xplm_key_pause
xplm_key_revthrust
xplm_key_jettison
xplm_key_brakesreg
xplm_key_brakesmax
xplm_key_gear
xplm_key_timedn
xplm_key_timeup
xplm_key_fadec
xplm_key_otto_dis
xplm_key_otto_atr
xplm_key_otto_asi
xplm_key_otto_hdg
xplm_key_otto_gps
xplm_key_otto_lev
xplm_key_otto_hnav
xplm_key_otto_alt
xplm_key_otto_vvi
xplm_key_otto_vnav
xplm_key_otto_nav1
xplm_key_otto_nav2
xplm_key_targ_dn
xplm_key_targ_up
xplm_key_hdgdn
xplm_key_hdgup
xplm_key_barodn
xplm_key_baroup
xplm_key_obs1dn
xplm_key_obs1up
xplm_key_obs2dn
xplm_key_obs2up
xplm_key_com1_1
xplm_key_com1_2
xplm_key_com1_3
xplm_key_com1_4
xplm_key_nav1_1
xplm_key_nav1_2
xplm_key_nav1_3
xplm_key_nav1_4
xplm_key_com2_1
xplm_key_com2_2
xplm_key_com2_3
xplm_key_com2_4
xplm_key_nav2_1
xplm_key_nav2_2
xplm_key_nav2_3
xplm_key_nav2_4
xplm_key_adf_1
xplm_key_adf_2
xplm_key_adf_3
xplm_key_adf_4
xplm_key_adf_5
xplm_key_adf_6
xplm_key_transpon_1
xplm_key_transpon_2
xplm_key_transpon_3
xplm_key_transpon_4
xplm_key_transpon_5
xplm_key_transpon_6
xplm_key_transpon_7
xplm_key_transpon_8
xplm_key_flapsup
xplm_key_flapsdn
xplm_key_cheatoff
xplm_key_cheaton
xplm_key_sbrkoff
xplm_key_sbrkon
xplm_key_ailtrimL
xplm_key_ailtrimR
xplm_key_rudtrimL
xplm_key_rudtrimR
xplm_key_elvtrimD
xplm_key_elvtrimU
xplm_key_forward
xplm_key_down
xplm_key_left
xplm_key_right
xplm_key_back
xplm_key_tower
xplm_key_runway
xplm_key_chase
xplm_key_free1
xplm_key_free2
xplm_key_spot
xplm_key_fullscrn1
xplm_key_fullscrn2
xplm_key_tanspan
xplm_key_smoke
xplm_key_map
xplm_key_zoomin
xplm_key_zoomout
xplm_key_cycledump
xplm_key_replay
xplm_key_tranID
xplm_key_max
